<?xml version="1.0" encoding="UTF-8"?>
<testng-results skipped="0" failed="0" ignored="0" total="2" passed="2">
  <reporter-output>
  </reporter-output>
  <suite name="com.qa.test.DemoTest" duration-ms="24" started-at="2020-07-15T11:05:12Z" finished-at="2020-07-15T11:05:12Z">
    <groups>
    </groups>
    <test name="Command line test" duration-ms="24" started-at="2020-07-15T11:05:12Z" finished-at="2020-07-15T11:05:12Z">
      <class name="com.qa.test.DemoTest">
        <test-method status="PASS" signature="minus()[pri:0, instance:com.qa.test.DemoTest@34ce8af7]" name="minus" duration-ms="7" started-at="2020-07-15T16:35:12Z" finished-at="2020-07-15T16:35:12Z">
          <reporter-output>
          </reporter-output>
        </test-method> <!-- minus -->
        <test-method status="PASS" signature="sum()[pri:0, instance:com.qa.test.DemoTest@34ce8af7]" name="sum" duration-ms="0" started-at="2020-07-15T16:35:12Z" finished-at="2020-07-15T16:35:12Z">
          <reporter-output>
          </reporter-output>
        </test-method> <!-- sum -->
      </class> <!-- com.qa.test.DemoTest -->
    </test> <!-- Command line test -->
  </suite> <!-- com.qa.test.DemoTest -->
</testng-results>
